<?xml version="1.0" encoding="UTF-8"?>
<!-- Generated by org.testng.reporters.JUnitReportReporter -->
<testsuite hostname="DESKTOP-402V9A7" failures="0" tests="4" name="coid.nexsoft.app.runner.TestCalculator" time="0.000" errors="0" timestamp="2022-09-23T20:55:08 WIB" skipped="4">
  <testcase classname="coid.nexsoft.app.runner.TestCalculator" name="testEq" time="0.000">
    <skipped/>
  </testcase> <!-- testEq -->
  <system-out/>
  <testcase classname="coid.nexsoft.app.runner.TestCalculator" name="testAdd" time="0.000">
    <skipped/>
  </testcase> <!-- testAdd -->
  <system-out/>
  <testcase classname="coid.nexsoft.app.runner.TestCalculator" name="testdiv" time="0.000">
    <skipped/>
  </testcase> <!-- testdiv -->
  <system-out/>
  <testcase classname="coid.nexsoft.app.runner.TestCalculator" name="testMul" time="0.000">
    <skipped/>
  </testcase> <!-- testMul -->
  <system-out/>
</testsuite> <!-- coid.nexsoft.app.runner.TestCalculator -->
